Performing C++ SOURCE FILE Test CMAKE_HAVE_LIBC_PTHREAD failed with the following output:
Change Dir: /home/user/hello_cmake/cmake-build-debug/CMakeFiles/CMakeTmp

Run Build Command(s):/snap/clion/193/bin/ninja/linux/ninja cmTC_08295 && [1/2] Building CXX object CMakeFiles/cmTC_08295.dir/src.cxx.o
[2/2] Linking CXX executable cmTC_08295
FAILED: cmTC_08295 
: && /usr/bin/c++   CMakeFiles/cmTC_08295.dir/src.cxx.o -o cmTC_08295   && :
CMakeFiles/cmTC_08295.dir/src.cxx.o: In function `main':
src.cxx:(.text+0x3e): undefined reference to `pthread_create'
src.cxx:(.text+0x4a): undefined reference to `pthread_detach'
src.cxx:(.text+0x56): undefined reference to `pthread_cancel'
src.cxx:(.text+0x67): undefined reference to `pthread_join'
src.cxx:(.text+0x7b): undefined reference to `pthread_atfork'
collect2: error: ld returned 1 exit status
ninja: build stopped: subcommand failed.


Source file was:
#include <pthread.h>

static void* test_func(void* data)
{
  return data;
}

int main(void)
{
  pthread_t thread;
  pthread_create(&thread, NULL, test_func, NULL);
  pthread_detach(thread);
  pthread_cancel(thread);
  pthread_join(thread, NULL);
  pthread_atfork(NULL, NULL, NULL);
  pthread_exit(NULL);

  return 0;
}

Determining if the function pthread_create exists in the pthreads failed with the following output:
Change Dir: /home/user/hello_cmake/cmake-build-debug/CMakeFiles/CMakeTmp

Run Build Command(s):/snap/clion/193/bin/ninja/linux/ninja cmTC_cfc6a && [1/2] Building CXX object CMakeFiles/cmTC_cfc6a.dir/CheckFunctionExists.cxx.o
[2/2] Linking CXX executable cmTC_cfc6a
FAILED: cmTC_cfc6a 
: && /usr/bin/c++ -DCHECK_FUNCTION_EXISTS=pthread_create  CMakeFiles/cmTC_cfc6a.dir/CheckFunctionExists.cxx.o -o cmTC_cfc6a  -lpthreads && :
/usr/bin/ld: cannot find -lpthreads
collect2: error: ld returned 1 exit status
ninja: build stopped: subcommand failed.



